<?xml version="1.0" encoding="UTF-8"?>
<!-- Generated by org.testng.reporters.JUnitReportReporter -->
<testsuite hostname="Vaibhavs-MacBook-Pro.local" name="com.spotify.test.login.PlayTest" tests="3" failures="0" timestamp="29 Apr 2016 05:31:11 GMT" time="22.782" errors="0">
  <testcase name="playGeneral" time="4.338" classname="com.spotify.test.login.PlayTest"/>
  <testcase name="playSong" time="11.684" classname="com.spotify.test.login.PlayTest"/>
  <testcase name="playAlbum" time="6.760" classname="com.spotify.test.login.PlayTest"/>
</testsuite> <!-- com.spotify.test.login.PlayTest -->
